21-11-2024 09:50:12 INFO Stopping all strategies...
21-11-2024 09:50:12 INFO No active strategies to stop.
21-11-2024 09:51:17 INFO Easy starting trading bot...
21-11-2024 09:51:17 INFO Preparing strategy MEXC_KAS_BIG_DOWN_1m
21-11-2024 09:51:17 INFO Scheduled strategy MEXC_KAS_BIG_DOWN_1m
21-11-2024 09:51:17 INFO Preparing strategy MEXC_KAS_BIG_DOWN_5m
21-11-2024 09:51:17 INFO Scheduled strategy MEXC_KAS_BIG_DOWN_5m
21-11-2024 09:51:17 INFO All strategies have been scheduled.
21-11-2024 15:07:20 INFO Stopping all strategies...
21-11-2024 15:07:20 INFO No active strategies to stop.
21-11-2024 15:11:52 INFO Easy starting trading bot...
21-11-2024 15:11:52 INFO Preparing strategy MEXC_KAS_BIG_DOWN_1m
21-11-2024 15:11:52 INFO Scheduled strategy MEXC_KAS_BIG_DOWN_1m
21-11-2024 15:11:52 INFO Preparing strategy MEXC_KAS_BIG_DOWN_5m
21-11-2024 15:11:52 INFO Scheduled strategy MEXC_KAS_BIG_DOWN_5m
21-11-2024 15:11:52 INFO All strategies have been scheduled.
21-11-2024 15:12:33 INFO Stopping all strategies...
21-11-2024 15:12:36 INFO Easy starting trading bot...
21-11-2024 15:12:36 INFO Preparing strategy MEXC_KAS_BIG_DOWN_1m
21-11-2024 15:12:36 INFO Scheduled strategy MEXC_KAS_BIG_DOWN_1m
21-11-2024 15:12:36 INFO Preparing strategy MEXC_KAS_BIG_DOWN_5m
21-11-2024 15:12:36 INFO Scheduled strategy MEXC_KAS_BIG_DOWN_5m
21-11-2024 15:12:36 INFO All strategies have been scheduled.
22-11-2024 11:40:38 INFO Stopping all strategies...
22-11-2024 11:40:46 INFO Easy starting trading bot...
22-11-2024 11:40:46 INFO Preparing strategy MEXC_KAS_BIG_DOWN_1m
22-11-2024 11:40:46 INFO Scheduled strategy MEXC_KAS_BIG_DOWN_1m
22-11-2024 11:40:46 INFO Preparing strategy MEXC_KAS_BIG_DOWN_5m
22-11-2024 11:40:46 INFO Scheduled strategy MEXC_KAS_BIG_DOWN_5m
22-11-2024 11:40:46 INFO All strategies have been scheduled.
22-11-2024 12:30:04 INFO Stopping all strategies...
22-11-2024 12:30:12 INFO All strategies have been stopped.
22-11-2024 12:30:13 INFO All strategies have been stopped.
22-11-2024 12:30:13 INFO All strategies have been stopped.
22-11-2024 14:01:01 INFO Easy starting trading bot...
22-11-2024 14:01:01 INFO Preparing strategy MEXC_KAS_BIG_DOWN_1m
22-11-2024 14:01:01 INFO Scheduled strategy MEXC_KAS_BIG_DOWN_1m
22-11-2024 14:01:01 INFO Preparing strategy MEXC_KAS_BIG_DOWN_5m
22-11-2024 14:01:01 INFO Scheduled strategy MEXC_KAS_BIG_DOWN_5m
22-11-2024 14:01:01 INFO All strategies have been scheduled.
22-11-2024 14:28:51 INFO Stopping all strategies...
22-11-2024 14:28:51 INFO No active strategies to stop.
22-11-2024 14:28:54 INFO Easy starting trading bot...
22-11-2024 14:28:54 INFO Preparing strategy MEXC_KAS_BIG_DOWN_1m
22-11-2024 14:28:54 INFO Scheduled strategy MEXC_KAS_BIG_DOWN_1m
22-11-2024 14:28:54 INFO Preparing strategy MEXC_KAS_BIG_DOWN_5m
22-11-2024 14:28:54 INFO Scheduled strategy MEXC_KAS_BIG_DOWN_5m
22-11-2024 14:28:54 INFO All strategies have been scheduled.
